<?xml version="1.0" encoding="UTF-8"?>
<testsuite name="com.kmacedo.car.interfaces.incoming.TravelRequestAPITestIT" tests="1" skipped="0" failures="1" errors="0" timestamp="2022-03-26T03:41:40" hostname="MacBook-Pro-de-Kleber.local" time="1.757">
  <properties/>
  <testcase name="testFindNearbyTravelRequests()" classname="com.kmacedo.car.interfaces.incoming.TravelRequestAPITestIT" time="1.757">
    <failure message="java.lang.AssertionError: 1 expectation failed.&#10;JSON path _links.passenger.title doesn't match.&#10;Expected: Alexandre Saudate&#10;  Actual: Kleber Barreto&#10;" type="java.lang.AssertionError">java.lang.AssertionError: 1 expectation failed.
JSON path _links.passenger.title doesn't match.
Expected: Alexandre Saudate
  Actual: Kleber Barreto

	at java.base/jdk.internal.reflect.NativeConstructorAccessorImpl.newInstance0(Native Method)
	at java.base/jdk.internal.reflect.NativeConstructorAccessorImpl.newInstance(NativeConstructorAccessorImpl.java:64)
	at java.base/jdk.internal.reflect.DelegatingConstructorAccessorImpl.newInstance(DelegatingConstructorAccessorImpl.java:45)
	at java.base/java.lang.reflect.Constructor.newInstanceWithCaller(Constructor.java:500)
	at java.base/java.lang.reflect.Constructor.newInstance(Constructor.java:481)
	at org.codehaus.groovy.reflection.CachedConstructor.invoke(CachedConstructor.java:80)
	at org.codehaus.groovy.reflection.CachedConstructor.doConstructorInvoke(CachedConstructor.java:74)
	at org.codehaus.groovy.runtime.callsite.ConstructorSite$ConstructorSiteNoUnwrap.callConstructor(ConstructorSite.java:84)
	at org.codehaus.groovy.runtime.callsite.CallSiteArray.defaultCallConstructor(CallSiteArray.java:59)
	at org.codehaus.groovy.runtime.callsite.AbstractCallSite.callConstructor(AbstractCallSite.java:237)
	at org.codehaus.groovy.runtime.callsite.AbstractCallSite.callConstructor(AbstractCallSite.java:249)
	at io.restassured.internal.ResponseSpecificationImpl$HamcrestAssertionClosure.validate(ResponseSpecificationImpl.groovy:494)
	at io.restassured.internal.ResponseSpecificationImpl$HamcrestAssertionClosure$validate$1.call(Unknown Source)
	at io.restassured.internal.ResponseSpecificationImpl.validateResponseIfRequired(ResponseSpecificationImpl.groovy:656)
	at java.base/jdk.internal.reflect.NativeMethodAccessorImpl.invoke0(Native Method)
	at java.base/jdk.internal.reflect.NativeMethodAccessorImpl.invoke(NativeMethodAccessorImpl.java:64)
	at java.base/jdk.internal.reflect.DelegatingMethodAccessorImpl.invoke(DelegatingMethodAccessorImpl.java:43)
	at java.base/java.lang.reflect.Method.invoke(Method.java:564)
	at org.codehaus.groovy.runtime.callsite.PlainObjectMetaMethodSite.doInvoke(PlainObjectMetaMethodSite.java:43)
	at org.codehaus.groovy.runtime.callsite.PogoMetaMethodSite$PogoCachedMethodSiteNoUnwrapNoCoerce.invoke(PogoMetaMethodSite.java:190)
	at org.codehaus.groovy.runtime.callsite.PogoMetaMethodSite.callCurrent(PogoMetaMethodSite.java:58)
	at org.codehaus.groovy.runtime.callsite.AbstractCallSite.callCurrent(AbstractCallSite.java:168)
	at io.restassured.internal.ResponseSpecificationImpl.content(ResponseSpecificationImpl.groovy:277)
	at io.restassured.specification.ResponseSpecification$content$1.callCurrent(Unknown Source)
	at io.restassured.internal.ResponseSpecificationImpl.body(ResponseSpecificationImpl.groovy:260)
	at io.restassured.internal.ValidatableResponseOptionsImpl.body(ValidatableResponseOptionsImpl.java:274)
	at com.kmacedo.car.interfaces.incoming.TravelRequestAPITestIT.testFindNearbyTravelRequests(TravelRequestAPITestIT.kt:69)
	at java.base/jdk.internal.reflect.NativeMethodAccessorImpl.invoke0(Native Method)
	at java.base/jdk.internal.reflect.NativeMethodAccessorImpl.invoke(NativeMethodAccessorImpl.java:64)
	at java.base/jdk.internal.reflect.DelegatingMethodAccessorImpl.invoke(DelegatingMethodAccessorImpl.java:43)
	at java.base/java.lang.reflect.Method.invoke(Method.java:564)
	at org.junit.platform.commons.util.ReflectionUtils.invokeMethod(ReflectionUtils.java:688)
	at org.junit.jupiter.engine.execution.MethodInvocation.proceed(MethodInvocation.java:60)
	at org.junit.jupiter.engine.execution.InvocationInterceptorChain$ValidatingInvocation.proceed(InvocationInterceptorChain.java:131)
	at org.junit.jupiter.engine.extension.TimeoutExtension.intercept(TimeoutExtension.java:149)
	at org.junit.jupiter.engine.extension.TimeoutExtension.interceptTestableMethod(TimeoutExtension.java:140)
	at org.junit.jupiter.engine.extension.TimeoutExtension.interceptTestMethod(TimeoutExtension.java:84)
	at org.junit.jupiter.engine.execution.ExecutableInvoker$ReflectiveInterceptorCall.lambda$ofVoidMethod$0(ExecutableInvoker.java:115)
	at org.junit.jupiter.engine.execution.ExecutableInvoker.lambda$invoke$0(ExecutableInvoker.java:105)
	at org.junit.jupiter.engine.execution.InvocationInterceptorChain$InterceptedInvocation.proceed(InvocationInterceptorChain.java:106)
	at org.junit.jupiter.engine.execution.InvocationInterceptorChain.proceed(InvocationInterceptorChain.java:64)
	at org.junit.jupiter.engine.execution.InvocationInterceptorChain.chainAndInvoke(InvocationInterceptorChain.java:45)
	at org.junit.jupiter.engine.execution.InvocationInterceptorChain.invoke(InvocationInterceptorChain.java:37)
	at org.junit.jupiter.engine.execution.ExecutableInvoker.invoke(ExecutableInvoker.java:104)
	at org.junit.jupiter.engine.execution.ExecutableInvoker.invoke(ExecutableInvoker.java:98)
	at org.junit.jupiter.engine.descriptor.TestMethodTestDescriptor.lambda$invokeTestMethod$6(TestMethodTestDescriptor.java:210)
	at org.junit.platform.engine.support.hierarchical.ThrowableCollector.execute(ThrowableCollector.java:73)
	at org.junit.jupiter.engine.descriptor.TestMethodTestDescriptor.invokeTestMethod(TestMethodTestDescriptor.java:206)
	at org.junit.jupiter.engine.descriptor.TestMethodTestDescriptor.execute(TestMethodTestDescriptor.java:131)
	at org.junit.jupiter.engine.descriptor.TestMethodTestDescriptor.execute(TestMethodTestDescriptor.java:65)
	at org.junit.platform.engine.support.hierarchical.NodeTestTask.lambda$executeRecursively$5(NodeTestTask.java:139)
	at org.junit.platform.engine.support.hierarchical.ThrowableCollector.execute(ThrowableCollector.java:73)
	at org.junit.platform.engine.support.hierarchical.NodeTestTask.lambda$executeRecursively$7(NodeTestTask.java:129)
	at org.junit.platform.engine.support.hierarchical.Node.around(Node.java:137)
	at org.junit.platform.engine.support.hierarchical.NodeTestTask.lambda$executeRecursively$8(NodeTestTask.java:127)
	at org.junit.platform.engine.support.hierarchical.ThrowableCollector.execute(ThrowableCollector.java:73)
	at org.junit.platform.engine.support.hierarchical.NodeTestTask.executeRecursively(NodeTestTask.java:126)
	at org.junit.platform.engine.support.hierarchical.NodeTestTask.execute(NodeTestTask.java:84)
	at java.base/java.util.ArrayList.forEach(ArrayList.java:1511)
	at org.junit.platform.engine.support.hierarchical.SameThreadHierarchicalTestExecutorService.invokeAll(SameThreadHierarchicalTestExecutorService.java:38)
	at org.junit.platform.engine.support.hierarchical.NodeTestTask.lambda$executeRecursively$5(NodeTestTask.java:143)
	at org.junit.platform.engine.support.hierarchical.ThrowableCollector.execute(ThrowableCollector.java:73)
	at org.junit.platform.engine.support.hierarchical.NodeTestTask.lambda$executeRecursively$7(NodeTestTask.java:129)
	at org.junit.platform.engine.support.hierarchical.Node.around(Node.java:137)
	at org.junit.platform.engine.support.hierarchical.NodeTestTask.lambda$executeRecursively$8(NodeTestTask.java:127)
	at org.junit.platform.engine.support.hierarchical.ThrowableCollector.execute(ThrowableCollector.java:73)
	at org.junit.platform.engine.support.hierarchical.NodeTestTask.executeRecursively(NodeTestTask.java:126)
	at org.junit.platform.engine.support.hierarchical.NodeTestTask.execute(NodeTestTask.java:84)
	at java.base/java.util.ArrayList.forEach(ArrayList.java:1511)
	at org.junit.platform.engine.support.hierarchical.SameThreadHierarchicalTestExecutorService.invokeAll(SameThreadHierarchicalTestExecutorService.java:38)
	at org.junit.platform.engine.support.hierarchical.NodeTestTask.lambda$executeRecursively$5(NodeTestTask.java:143)
	at org.junit.platform.engine.support.hierarchical.ThrowableCollector.execute(ThrowableCollector.java:73)
	at org.junit.platform.engine.support.hierarchical.NodeTestTask.lambda$executeRecursively$7(NodeTestTask.java:129)
	at org.junit.platform.engine.support.hierarchical.Node.around(Node.java:137)
	at org.junit.platform.engine.support.hierarchical.NodeTestTask.lambda$executeRecursively$8(NodeTestTask.java:127)
	at org.junit.platform.engine.support.hierarchical.ThrowableCollector.execute(ThrowableCollector.java:73)
	at org.junit.platform.engine.support.hierarchical.NodeTestTask.executeRecursively(NodeTestTask.java:126)
	at org.junit.platform.engine.support.hierarchical.NodeTestTask.execute(NodeTestTask.java:84)
	at org.junit.platform.engine.support.hierarchical.SameThreadHierarchicalTestExecutorService.submit(SameThreadHierarchicalTestExecutorService.java:32)
	at org.junit.platform.engine.support.hierarchical.HierarchicalTestExecutor.execute(HierarchicalTestExecutor.java:57)
	at org.junit.platform.engine.support.hierarchical.HierarchicalTestEngine.execute(HierarchicalTestEngine.java:51)
	at org.junit.platform.launcher.core.DefaultLauncher.execute(DefaultLauncher.java:248)
	at org.junit.platform.launcher.core.DefaultLauncher.lambda$execute$5(DefaultLauncher.java:211)
	at org.junit.platform.launcher.core.DefaultLauncher.withInterceptedStreams(DefaultLauncher.java:226)
	at org.junit.platform.launcher.core.DefaultLauncher.execute(DefaultLauncher.java:199)
	at org.junit.platform.launcher.core.DefaultLauncher.execute(DefaultLauncher.java:132)
	at org.gradle.api.internal.tasks.testing.junitplatform.JUnitPlatformTestClassProcessor$CollectAllTestClassesExecutor.processAllTestClasses(JUnitPlatformTestClassProcessor.java:99)
	at org.gradle.api.internal.tasks.testing.junitplatform.JUnitPlatformTestClassProcessor$CollectAllTestClassesExecutor.access$000(JUnitPlatformTestClassProcessor.java:79)
	at org.gradle.api.internal.tasks.testing.junitplatform.JUnitPlatformTestClassProcessor.stop(JUnitPlatformTestClassProcessor.java:75)
	at org.gradle.api.internal.tasks.testing.SuiteTestClassProcessor.stop(SuiteTestClassProcessor.java:61)
	at java.base/jdk.internal.reflect.NativeMethodAccessorImpl.invoke0(Native Method)
	at java.base/jdk.internal.reflect.NativeMethodAccessorImpl.invoke(NativeMethodAccessorImpl.java:64)
	at java.base/jdk.internal.reflect.DelegatingMethodAccessorImpl.invoke(DelegatingMethodAccessorImpl.java:43)
	at java.base/java.lang.reflect.Method.invoke(Method.java:564)
	at org.gradle.internal.dispatch.ReflectionDispatch.dispatch(ReflectionDispatch.java:36)
	at org.gradle.internal.dispatch.ReflectionDispatch.dispatch(ReflectionDispatch.java:24)
	at org.gradle.internal.dispatch.ContextClassLoaderDispatch.dispatch(ContextClassLoaderDispatch.java:33)
	at org.gradle.internal.dispatch.ProxyDispatchAdapter$DispatchingInvocationHandler.invoke(ProxyDispatchAdapter.java:94)
	at com.sun.proxy.$Proxy2.stop(Unknown Source)
	at org.gradle.api.internal.tasks.testing.worker.TestWorker.stop(TestWorker.java:133)
	at java.base/jdk.internal.reflect.NativeMethodAccessorImpl.invoke0(Native Method)
	at java.base/jdk.internal.reflect.NativeMethodAccessorImpl.invoke(NativeMethodAccessorImpl.java:64)
	at java.base/jdk.internal.reflect.DelegatingMethodAccessorImpl.invoke(DelegatingMethodAccessorImpl.java:43)
	at java.base/java.lang.reflect.Method.invoke(Method.java:564)
	at org.gradle.internal.dispatch.ReflectionDispatch.dispatch(ReflectionDispatch.java:36)
	at org.gradle.internal.dispatch.ReflectionDispatch.dispatch(ReflectionDispatch.java:24)
	at org.gradle.internal.remote.internal.hub.MessageHubBackedObjectConnection$DispatchWrapper.dispatch(MessageHubBackedObjectConnection.java:182)
	at org.gradle.internal.remote.internal.hub.MessageHubBackedObjectConnection$DispatchWrapper.dispatch(MessageHubBackedObjectConnection.java:164)
	at org.gradle.internal.remote.internal.hub.MessageHub$Handler.run(MessageHub.java:414)
	at org.gradle.internal.concurrent.ExecutorPolicy$CatchAndRecordFailures.onExecute(ExecutorPolicy.java:64)
	at org.gradle.internal.concurrent.ManagedExecutorImpl$1.run(ManagedExecutorImpl.java:48)
	at java.base/java.util.concurrent.ThreadPoolExecutor.runWorker(ThreadPoolExecutor.java:1130)
	at java.base/java.util.concurrent.ThreadPoolExecutor$Worker.run(ThreadPoolExecutor.java:630)
	at org.gradle.internal.concurrent.ThreadFactoryImpl$ManagedThreadRunnable.run(ThreadFactoryImpl.java:56)
	at java.base/java.lang.Thread.run(Thread.java:832)
</failure>
  </testcase>
  <system-out><![CDATA[00:41:35.912 [Test worker] DEBUG org.springframework.test.context.BootstrapUtils - Instantiating CacheAwareContextLoaderDelegate from class [org.springframework.test.context.cache.DefaultCacheAwareContextLoaderDelegate]
00:41:35.922 [Test worker] DEBUG org.springframework.test.context.BootstrapUtils - Instantiating BootstrapContext using constructor [public org.springframework.test.context.support.DefaultBootstrapContext(java.lang.Class,org.springframework.test.context.CacheAwareContextLoaderDelegate)]
00:41:35.944 [Test worker] DEBUG org.springframework.test.context.BootstrapUtils - Instantiating TestContextBootstrapper for test class [com.kmacedo.car.interfaces.incoming.TravelRequestAPITestIT] from class [org.springframework.boot.test.context.SpringBootTestContextBootstrapper]
00:41:35.952 [Test worker] INFO org.springframework.boot.test.context.SpringBootTestContextBootstrapper - Neither @ContextConfiguration nor @ContextHierarchy found for test class [com.kmacedo.car.interfaces.incoming.TravelRequestAPITestIT], using SpringBootContextLoader
00:41:35.955 [Test worker] DEBUG org.springframework.test.context.support.AbstractContextLoader - Did not detect default resource location for test class [com.kmacedo.car.interfaces.incoming.TravelRequestAPITestIT]: class path resource [com/kmacedo/car/interfaces/incoming/TravelRequestAPITestIT-context.xml] does not exist
00:41:35.956 [Test worker] DEBUG org.springframework.test.context.support.AbstractContextLoader - Did not detect default resource location for test class [com.kmacedo.car.interfaces.incoming.TravelRequestAPITestIT]: class path resource [com/kmacedo/car/interfaces/incoming/TravelRequestAPITestITContext.groovy] does not exist
00:41:35.956 [Test worker] INFO org.springframework.test.context.support.AbstractContextLoader - Could not detect default resource locations for test class [com.kmacedo.car.interfaces.incoming.TravelRequestAPITestIT]: no resource found for suffixes {-context.xml, Context.groovy}.
00:41:35.957 [Test worker] INFO org.springframework.test.context.support.AnnotationConfigContextLoaderUtils - Could not detect default configuration classes for test class [com.kmacedo.car.interfaces.incoming.TravelRequestAPITestIT]: TravelRequestAPITestIT does not declare any static, non-private, non-final, nested classes annotated with @Configuration.
00:41:36.053 [Test worker] DEBUG org.springframework.context.annotation.ClassPathScanningCandidateComponentProvider - Identified candidate component class: file [/Users/cskmacedo/Documents/Sistemas/car/build/classes/kotlin/main/com/kmacedo/car/CarApplication.class]
00:41:36.054 [Test worker] INFO org.springframework.boot.test.context.SpringBootTestContextBootstrapper - Found @SpringBootConfiguration com.kmacedo.car.CarApplication for test class com.kmacedo.car.interfaces.incoming.TravelRequestAPITestIT
00:41:36.109 [Test worker] DEBUG org.springframework.boot.test.context.SpringBootTestContextBootstrapper - @TestExecutionListeners is not present for class [com.kmacedo.car.interfaces.incoming.TravelRequestAPITestIT]: using defaults.
00:41:36.109 [Test worker] INFO org.springframework.boot.test.context.SpringBootTestContextBootstrapper - Loaded default TestExecutionListener class names from location [META-INF/spring.factories]: [org.springframework.cloud.contract.wiremock.WireMockTestExecutionListener, org.springframework.boot.test.autoconfigure.restdocs.RestDocsTestExecutionListener, org.springframework.boot.test.autoconfigure.web.client.MockRestServiceServerResetTestExecutionListener, org.springframework.boot.test.autoconfigure.web.servlet.MockMvcPrintOnlyOnFailureTestExecutionListener, org.springframework.boot.test.autoconfigure.web.servlet.WebDriverTestExecutionListener, org.springframework.boot.test.autoconfigure.webservices.client.MockWebServiceServerTestExecutionListener, org.springframework.boot.test.mock.mockito.MockitoTestExecutionListener, org.springframework.boot.test.mock.mockito.ResetMocksTestExecutionListener, org.springframework.test.context.web.ServletTestExecutionListener, org.springframework.test.context.support.DirtiesContextBeforeModesTestExecutionListener, org.springframework.test.context.support.DependencyInjectionTestExecutionListener, org.springframework.test.context.support.DirtiesContextTestExecutionListener, org.springframework.test.context.transaction.TransactionalTestExecutionListener, org.springframework.test.context.jdbc.SqlScriptsTestExecutionListener, org.springframework.test.context.event.EventPublishingTestExecutionListener]
00:41:36.120 [Test worker] INFO org.springframework.boot.test.context.SpringBootTestContextBootstrapper - Using TestExecutionListeners: [org.springframework.test.context.web.ServletTestExecutionListener@41ee50d4, org.springframework.test.context.support.DirtiesContextBeforeModesTestExecutionListener@7b16236b, org.springframework.boot.test.mock.mockito.MockitoTestExecutionListener@18356d07, org.springframework.boot.test.autoconfigure.SpringBootDependencyInjectionTestExecutionListener@380a3491, org.springframework.test.context.support.DirtiesContextTestExecutionListener@bd1abb4, org.springframework.test.context.transaction.TransactionalTestExecutionListener@4196ccde, org.springframework.test.context.jdbc.SqlScriptsTestExecutionListener@72f8dcbe, org.springframework.test.context.event.EventPublishingTestExecutionListener@1b3fd0cc, org.springframework.boot.test.autoconfigure.restdocs.RestDocsTestExecutionListener@1db54414, org.springframework.boot.test.autoconfigure.web.client.MockRestServiceServerResetTestExecutionListener@6a329b40, org.springframework.boot.test.autoconfigure.web.servlet.MockMvcPrintOnlyOnFailureTestExecutionListener@5e1bb794, org.springframework.boot.test.autoconfigure.web.servlet.WebDriverTestExecutionListener@3bc7a52b, org.springframework.boot.test.autoconfigure.webservices.client.MockWebServiceServerTestExecutionListener@c65c3a3, org.springframework.boot.test.mock.mockito.ResetMocksTestExecutionListener@72f3a1f4, org.springframework.cloud.contract.wiremock.WireMockTestExecutionListener@71570f29]
00:41:36.122 [Test worker] DEBUG org.springframework.test.context.support.AbstractDirtiesContextTestExecutionListener - Before test class: context [DefaultTestContext@1045f448 testClass = TravelRequestAPITestIT, testInstance = [null], testMethod = [null], testException = [null], mergedContextConfiguration = [WebMergedContextConfiguration@1508ba54 testClass = TravelRequestAPITestIT, locations = '{}', classes = '{class com.kmacedo.car.CarApplication}', contextInitializerClasses = '[]', activeProfiles = '{test}', propertySourceLocations = '{}', propertySourceProperties = '{org.springframework.boot.test.context.SpringBootTestContextBootstrapper=true, server.port=0}', contextCustomizers = set[org.springframework.boot.test.autoconfigure.actuate.metrics.MetricsExportContextCustomizerFactory$DisableMetricExportContextCustomizer@6354995f, org.springframework.boot.test.autoconfigure.properties.PropertyMappingContextCustomizer@810a4749, org.springframework.boot.test.autoconfigure.web.servlet.WebDriverContextCustomizerFactory$Customizer@2f8f00d8, [ImportsContextCustomizer@7084191e key = [org.springframework.cloud.contract.wiremock.WireMockConfiguration, org.springframework.cloud.contract.wiremock.WireMockRestTemplateConfiguration]], org.springframework.boot.test.context.filter.ExcludeFilterContextCustomizer@1c2cd1ea, org.springframework.boot.test.json.DuplicateJsonObjectContextCustomizerFactory$DuplicateJsonObjectContextCustomizer@633dd40d, org.springframework.boot.test.mock.mockito.MockitoContextCustomizer@0, org.springframework.boot.test.web.client.TestRestTemplateContextCustomizer@3119d014, org.springframework.boot.test.web.reactive.server.WebTestClientContextCustomizer@20f3e391, org.springframework.boot.test.context.SpringBootTestArgs@1, org.springframework.boot.test.context.SpringBootTestWebEnvironment@58d19dd1], resourceBasePath = 'src/main/webapp', contextLoader = 'org.springframework.boot.test.context.SpringBootContextLoader', parent = [null]], attributes = map['org.springframework.test.context.web.ServletTestExecutionListener.activateListener' -> false]], class annotated with @DirtiesContext [false] with mode [null].
00:41:36.138 [Test worker] DEBUG org.springframework.core.env.StandardEnvironment - Activating profiles [test]
00:41:36.140 [Test worker] DEBUG org.springframework.test.context.support.TestPropertySourceUtils - Adding inlined properties to environment: {spring.jmx.enabled=false, org.springframework.boot.test.context.SpringBootTestContextBootstrapper=true, server.port=0}

  .   ____          _            __ _ _
 /\\ / ___'_ __ _ _(_)_ __  __ _ \ \ \ \
( ( )\___ | '_ | '_| | '_ \/ _` | \ \ \ \
 \\/  ___)| |_)| | | | | || (_| |  ) ) ) )
  '  |____| .__|_| |_|_| |_\__, | / / / /
 =========|_|==============|___/=/_/_/_/
 :: Spring Boot ::                (v2.4.0)

2022-03-26 00:41:36.325  INFO 32612 --- [    Test worker] c.k.c.i.incoming.TravelRequestAPITestIT  : Starting TravelRequestAPITestIT using Java 15.0.2 on MacBook-Pro-de-Kleber.local with PID 32612 (started by cskmacedo in /Users/cskmacedo/Documents/Sistemas/car)
2022-03-26 00:41:36.326  INFO 32612 --- [    Test worker] c.k.c.i.incoming.TravelRequestAPITestIT  : The following profiles are active: test
2022-03-26 00:41:37.110  INFO 32612 --- [    Test worker] .s.d.r.c.RepositoryConfigurationDelegate : Bootstrapping Spring Data JPA repositories in DEFERRED mode.
2022-03-26 00:41:37.160  INFO 32612 --- [    Test worker] .s.d.r.c.RepositoryConfigurationDelegate : Finished Spring Data repository scanning in 44 ms. Found 4 JPA repository interfaces.
2022-03-26 00:41:37.450  INFO 32612 --- [    Test worker] trationDelegate$BeanPostProcessorChecker : Bean 'org.springframework.security.access.expression.method.DefaultMethodSecurityExpressionHandler@6af34dfe' of type [org.springframework.security.access.expression.method.DefaultMethodSecurityExpressionHandler] is not eligible for getting processed by all BeanPostProcessors (for example: not eligible for auto-proxying)
2022-03-26 00:41:37.464  INFO 32612 --- [    Test worker] trationDelegate$BeanPostProcessorChecker : Bean 'methodSecurityMetadataSource' of type [org.springframework.security.access.method.DelegatingMethodSecurityMetadataSource] is not eligible for getting processed by all BeanPostProcessors (for example: not eligible for auto-proxying)
2022-03-26 00:41:37.707  INFO 32612 --- [    Test worker] o.s.b.w.embedded.tomcat.TomcatWebServer  : Tomcat initialized with port(s): 0 (https)
2022-03-26 00:41:37.716  INFO 32612 --- [    Test worker] o.apache.catalina.core.StandardService   : Starting service [Tomcat]
2022-03-26 00:41:37.717  INFO 32612 --- [    Test worker] org.apache.catalina.core.StandardEngine  : Starting Servlet engine: [Apache Tomcat/9.0.39]
2022-03-26 00:41:37.803  INFO 32612 --- [    Test worker] o.a.c.c.C.[Tomcat].[localhost].[/]       : Initializing Spring embedded WebApplicationContext
2022-03-26 00:41:37.803  INFO 32612 --- [    Test worker] w.s.c.ServletWebServerApplicationContext : Root WebApplicationContext: initialization completed in 1313 ms
2022-03-26 00:41:37.950  INFO 32612 --- [    Test worker] o.s.s.concurrent.ThreadPoolTaskExecutor  : Initializing ExecutorService 'applicationTaskExecutor'
2022-03-26 00:41:37.989  INFO 32612 --- [         task-1] o.hibernate.jpa.internal.util.LogHelper  : HHH000204: Processing PersistenceUnitInfo [name: default]
2022-03-26 00:41:38.026  WARN 32612 --- [    Test worker] JpaBaseConfiguration$JpaWebConfiguration : spring.jpa.open-in-view is enabled by default. Therefore, database queries may be performed during view rendering. Explicitly configure spring.jpa.open-in-view to disable this warning
2022-03-26 00:41:38.028  INFO 32612 --- [         task-1] org.hibernate.Version                    : HHH000412: Hibernate ORM core version 5.4.23.Final
2022-03-26 00:41:38.140  INFO 32612 --- [         task-1] o.hibernate.annotations.common.Version   : HCANN000001: Hibernate Commons Annotations {5.1.2.Final}
2022-03-26 00:41:38.162 DEBUG 32612 --- [         task-1] org.hibernate.type.BasicTypeRegistry     : Adding type registration boolean -> org.hibernate.type.BooleanType@211a4cf8
2022-03-26 00:41:38.162 DEBUG 32612 --- [         task-1] org.hibernate.type.BasicTypeRegistry     : Adding type registration boolean -> org.hibernate.type.BooleanType@211a4cf8
2022-03-26 00:41:38.162 DEBUG 32612 --- [         task-1] org.hibernate.type.BasicTypeRegistry     : Adding type registration java.lang.Boolean -> org.hibernate.type.BooleanType@211a4cf8
2022-03-26 00:41:38.163 DEBUG 32612 --- [         task-1] org.hibernate.type.BasicTypeRegistry     : Adding type registration numeric_boolean -> org.hibernate.type.NumericBooleanType@7b39f8ef
2022-03-26 00:41:38.164 DEBUG 32612 --- [         task-1] org.hibernate.type.BasicTypeRegistry     : Adding type registration true_false -> org.hibernate.type.TrueFalseType@4cae195c
2022-03-26 00:41:38.164 DEBUG 32612 --- [         task-1] org.hibernate.type.BasicTypeRegistry     : Adding type registration yes_no -> org.hibernate.type.YesNoType@5cac860a
2022-03-26 00:41:38.165 DEBUG 32612 --- [         task-1] org.hibernate.type.BasicTypeRegistry     : Adding type registration byte -> org.hibernate.type.ByteType@4f0ae178
2022-03-26 00:41:38.165 DEBUG 32612 --- [         task-1] org.hibernate.type.BasicTypeRegistry     : Adding type registration byte -> org.hibernate.type.ByteType@4f0ae178
2022-03-26 00:41:38.165 DEBUG 32612 --- [         task-1] org.hibernate.type.BasicTypeRegistry     : Adding type registration java.lang.Byte -> org.hibernate.type.ByteType@4f0ae178
2022-03-26 00:41:38.166 DEBUG 32612 --- [         task-1] org.hibernate.type.BasicTypeRegistry     : Adding type registration character -> org.hibernate.type.CharacterType@6ffc6003
2022-03-26 00:41:38.166 DEBUG 32612 --- [         task-1] org.hibernate.type.BasicTypeRegistry     : Adding type registration char -> org.hibernate.type.CharacterType@6ffc6003
2022-03-26 00:41:38.167 DEBUG 32612 --- [         task-1] org.hibernate.type.BasicTypeRegistry     : Adding type registration java.lang.Character -> org.hibernate.type.CharacterType@6ffc6003
2022-03-26 00:41:38.167 DEBUG 32612 --- [         task-1] org.hibernate.type.BasicTypeRegistry     : Adding type registration short -> org.hibernate.type.ShortType@71ef8a16
2022-03-26 00:41:38.168 DEBUG 32612 --- [         task-1] org.hibernate.type.BasicTypeRegistry     : Adding type registration short -> org.hibernate.type.ShortType@71ef8a16
2022-03-26 00:41:38.168 DEBUG 32612 --- [         task-1] org.hibernate.type.BasicTypeRegistry     : Adding type registration java.lang.Short -> org.hibernate.type.ShortType@71ef8a16
2022-03-26 00:41:38.169 DEBUG 32612 --- [         task-1] org.hibernate.type.BasicTypeRegistry     : Adding type registration integer -> org.hibernate.type.IntegerType@3b7ed07e
2022-03-26 00:41:38.169 DEBUG 32612 --- [         task-1] org.hibernate.type.BasicTypeRegistry     : Adding type registration int -> org.hibernate.type.IntegerType@3b7ed07e
2022-03-26 00:41:38.169 DEBUG 32612 --- [         task-1] org.hibernate.type.BasicTypeRegistry     : Adding type registration java.lang.Integer -> org.hibernate.type.IntegerType@3b7ed07e
2022-03-26 00:41:38.170 DEBUG 32612 --- [         task-1] org.hibernate.type.BasicTypeRegistry     : Adding type registration long -> org.hibernate.type.LongType@50757a3a
2022-03-26 00:41:38.170 DEBUG 32612 --- [         task-1] org.hibernate.type.BasicTypeRegistry     : Adding type registration long -> org.hibernate.type.LongType@50757a3a
2022-03-26 00:41:38.170 DEBUG 32612 --- [         task-1] org.hibernate.type.BasicTypeRegistry     : Adding type registration java.lang.Long -> org.hibernate.type.LongType@50757a3a
2022-03-26 00:41:38.171 DEBUG 32612 --- [         task-1] org.hibernate.type.BasicTypeRegistry     : Adding type registration float -> org.hibernate.type.FloatType@1c2c83c0
2022-03-26 00:41:38.171 DEBUG 32612 --- [         task-1] org.hibernate.type.BasicTypeRegistry     : Adding type registration float -> org.hibernate.type.FloatType@1c2c83c0
2022-03-26 00:41:38.172 DEBUG 32612 --- [         task-1] org.hibernate.type.BasicTypeRegistry     : Adding type registration java.lang.Float -> org.hibernate.type.FloatType@1c2c83c0
2022-03-26 00:41:38.172 DEBUG 32612 --- [         task-1] org.hibernate.type.BasicTypeRegistry     : Adding type registration double -> org.hibernate.type.DoubleType@2dd10ac5
2022-03-26 00:41:38.173 DEBUG 32612 --- [         task-1] org.hibernate.type.BasicTypeRegistry     : Adding type registration double -> org.hibernate.type.DoubleType@2dd10ac5
2022-03-26 00:41:38.173 DEBUG 32612 --- [         task-1] org.hibernate.type.BasicTypeRegistry     : Adding type registration java.lang.Double -> org.hibernate.type.DoubleType@2dd10ac5
2022-03-26 00:41:38.174 DEBUG 32612 --- [         task-1] org.hibernate.type.BasicTypeRegistry     : Adding type registration big_decimal -> org.hibernate.type.BigDecimalType@7412bc32
2022-03-26 00:41:38.174 DEBUG 32612 --- [         task-1] org.hibernate.type.BasicTypeRegistry     : Adding type registration java.math.BigDecimal -> org.hibernate.type.BigDecimalType@7412bc32
2022-03-26 00:41:38.175 DEBUG 32612 --- [         task-1] org.hibernate.type.BasicTypeRegistry     : Adding type registration big_integer -> org.hibernate.type.BigIntegerType@6e74ce58
2022-03-26 00:41:38.175 DEBUG 32612 --- [         task-1] org.hibernate.type.BasicTypeRegistry     : Adding type registration java.math.BigInteger -> org.hibernate.type.BigIntegerType@6e74ce58
2022-03-26 00:41:38.175 DEBUG 32612 --- [         task-1] org.hibernate.type.BasicTypeRegistry     : Adding type registration string -> org.hibernate.type.StringType@9315584
2022-03-26 00:41:38.176 DEBUG 32612 --- [         task-1] org.hibernate.type.BasicTypeRegistry     : Adding type registration java.lang.String -> org.hibernate.type.StringType@9315584
2022-03-26 00:41:38.176 DEBUG 32612 --- [         task-1] org.hibernate.type.BasicTypeRegistry     : Adding type registration nstring -> org.hibernate.type.StringNVarcharType@7f1519c7
2022-03-26 00:41:38.177 DEBUG 32612 --- [         task-1] org.hibernate.type.BasicTypeRegistry     : Adding type registration ncharacter -> org.hibernate.type.CharacterNCharType@63188af5
2022-03-26 00:41:38.178 DEBUG 32612 --- [         task-1] org.hibernate.type.BasicTypeRegistry     : Adding type registration url -> org.hibernate.type.UrlType@3d904c3c
2022-03-26 00:41:38.178 DEBUG 32612 --- [         task-1] org.hibernate.type.BasicTypeRegistry     : Adding type registration java.net.URL -> org.hibernate.type.UrlType@3d904c3c
2022-03-26 00:41:38.179 DEBUG 32612 --- [         task-1] org.hibernate.type.BasicTypeRegistry     : Adding type registration Duration -> org.hibernate.type.DurationType@738160e8
2022-03-26 00:41:38.179 DEBUG 32612 --- [         task-1] org.hibernate.type.BasicTypeRegistry     : Adding type registration java.time.Duration -> org.hibernate.type.DurationType@738160e8
2022-03-26 00:41:38.180 DEBUG 32612 --- [         task-1] org.hibernate.type.BasicTypeRegistry     : Adding type registration Instant -> org.hibernate.type.InstantType@65bfb3e
2022-03-26 00:41:38.180 DEBUG 32612 --- [         task-1] org.hibernate.type.BasicTypeRegistry     : Adding type registration java.time.Instant -> org.hibernate.type.InstantType@65bfb3e
2022-03-26 00:41:38.181 DEBUG 32612 --- [         task-1] org.hibernate.type.BasicTypeRegistry     : Adding type registration LocalDateTime -> org.hibernate.type.LocalDateTimeType@7d69a270
2022-03-26 00:41:38.181 DEBUG 32612 --- [         task-1] org.hibernate.type.BasicTypeRegistry     : Adding type registration java.time.LocalDateTime -> org.hibernate.type.LocalDateTimeType@7d69a270
2022-03-26 00:41:38.182 DEBUG 32612 --- [         task-1] org.hibernate.type.BasicTypeRegistry     : Adding type registration LocalDate -> org.hibernate.type.LocalDateType@3e460650
2022-03-26 00:41:38.182 DEBUG 32612 --- [         task-1] org.hibernate.type.BasicTypeRegistry     : Adding type registration java.time.LocalDate -> org.hibernate.type.LocalDateType@3e460650
2022-03-26 00:41:38.183 DEBUG 32612 --- [         task-1] org.hibernate.type.BasicTypeRegistry     : Adding type registration LocalTime -> org.hibernate.type.LocalTimeType@27719e64
2022-03-26 00:41:38.183 DEBUG 32612 --- [         task-1] org.hibernate.type.BasicTypeRegistry     : Adding type registration java.time.LocalTime -> org.hibernate.type.LocalTimeType@27719e64
2022-03-26 00:41:38.184 DEBUG 32612 --- [         task-1] org.hibernate.type.BasicTypeRegistry     : Adding type registration OffsetDateTime -> org.hibernate.type.OffsetDateTimeType@17f2e6f7
2022-03-26 00:41:38.184 DEBUG 32612 --- [         task-1] org.hibernate.type.BasicTypeRegistry     : Adding type registration java.time.OffsetDateTime -> org.hibernate.type.OffsetDateTimeType@17f2e6f7
2022-03-26 00:41:38.185 DEBUG 32612 --- [         task-1] org.hibernate.type.BasicTypeRegistry     : Adding type registration OffsetTime -> org.hibernate.type.OffsetTimeType@608dc89f
2022-03-26 00:41:38.186 DEBUG 32612 --- [         task-1] org.hibernate.type.BasicTypeRegistry     : Adding type registration java.time.OffsetTime -> org.hibernate.type.OffsetTimeType@608dc89f
2022-03-26 00:41:38.187 DEBUG 32612 --- [         task-1] org.hibernate.type.BasicTypeRegistry     : Adding type registration ZonedDateTime -> org.hibernate.type.ZonedDateTimeType@6190a983
2022-03-26 00:41:38.187 DEBUG 32612 --- [         task-1] org.hibernate.type.BasicTypeRegistry     : Adding type registration java.time.ZonedDateTime -> org.hibernate.type.ZonedDateTimeType@6190a983
2022-03-26 00:41:38.188 DEBUG 32612 --- [         task-1] org.hibernate.type.BasicTypeRegistry     : Adding type registration date -> org.hibernate.type.DateType@167f402
2022-03-26 00:41:38.188 DEBUG 32612 --- [         task-1] org.hibernate.type.BasicTypeRegistry     : Adding type registration java.sql.Date -> org.hibernate.type.DateType@167f402
2022-03-26 00:41:38.189 DEBUG 32612 --- [         task-1] org.hibernate.type.BasicTypeRegistry     : Adding type registration time -> org.hibernate.type.TimeType@7b19d12b
2022-03-26 00:41:38.189 DEBUG 32612 --- [         task-1] org.hibernate.type.BasicTypeRegistry     : Adding type registration java.sql.Time -> org.hibernate.type.TimeType@7b19d12b
2022-03-26 00:41:38.190 DEBUG 32612 --- [         task-1] org.hibernate.type.BasicTypeRegistry     : Adding type registration timestamp -> org.hibernate.type.TimestampType@4761a71f
2022-03-26 00:41:38.190 DEBUG 32612 --- [         task-1] org.hibernate.type.BasicTypeRegistry     : Adding type registration java.sql.Timestamp -> org.hibernate.type.TimestampType@4761a71f
2022-03-26 00:41:38.191 DEBUG 32612 --- [         task-1] org.hibernate.type.BasicTypeRegistry     : Adding type registration java.util.Date -> org.hibernate.type.TimestampType@4761a71f
2022-03-26 00:41:38.192 DEBUG 32612 --- [         task-1] org.hibernate.type.BasicTypeRegistry     : Adding type registration dbtimestamp -> org.hibernate.type.DbTimestampType@12687bd4
2022-03-26 00:41:38.193 DEBUG 32612 --- [         task-1] org.hibernate.type.BasicTypeRegistry     : Adding type registration calendar -> org.hibernate.type.CalendarType@b1069dd
2022-03-26 00:41:38.193 DEBUG 32612 --- [         task-1] org.hibernate.type.BasicTypeRegistry     : Adding type registration java.util.Calendar -> org.hibernate.type.CalendarType@b1069dd
2022-03-26 00:41:38.193 DEBUG 32612 --- [         task-1] org.hibernate.type.BasicTypeRegistry     : Adding type registration java.util.GregorianCalendar -> org.hibernate.type.CalendarType@b1069dd
2022-03-26 00:41:38.194 DEBUG 32612 --- [         task-1] org.hibernate.type.BasicTypeRegistry     : Adding type registration calendar_date -> org.hibernate.type.CalendarDateType@74f9676
2022-03-26 00:41:38.194 DEBUG 32612 --- [         task-1] org.hibernate.type.BasicTypeRegistry     : Adding type registration calendar_time -> org.hibernate.type.CalendarTimeType@5878b4da
2022-03-26 00:41:38.195 DEBUG 32612 --- [         task-1] org.hibernate.type.BasicTypeRegistry     : Adding type registration locale -> org.hibernate.type.LocaleType@7d5077cd
2022-03-26 00:41:38.195 DEBUG 32612 --- [         task-1] org.hibernate.type.BasicTypeRegistry     : Adding type registration java.util.Locale -> org.hibernate.type.LocaleType@7d5077cd
2022-03-26 00:41:38.196 DEBUG 32612 --- [         task-1] org.hibernate.type.BasicTypeRegistry     : Adding type registration currency -> org.hibernate.type.CurrencyType@2f27060e
2022-03-26 00:41:38.196 DEBUG 32612 --- [         task-1] org.hibernate.type.BasicTypeRegistry     : Adding type registration java.util.Currency -> org.hibernate.type.CurrencyType@2f27060e
2022-03-26 00:41:38.197 DEBUG 32612 --- [         task-1] org.hibernate.type.BasicTypeRegistry     : Adding type registration timezone -> org.hibernate.type.TimeZoneType@3daf51ed
2022-03-26 00:41:38.197 DEBUG 32612 --- [         task-1] org.hibernate.type.BasicTypeRegistry     : Adding type registration java.util.TimeZone -> org.hibernate.type.TimeZoneType@3daf51ed
2022-03-26 00:41:38.198 DEBUG 32612 --- [         task-1] org.hibernate.type.BasicTypeRegistry     : Adding type registration class -> org.hibernate.type.ClassType@5c548898
2022-03-26 00:41:38.198 DEBUG 32612 --- [         task-1] org.hibernate.type.BasicTypeRegistry     : Adding type registration java.lang.Class -> org.hibernate.type.ClassType@5c548898
2022-03-26 00:41:38.198 DEBUG 32612 --- [         task-1] org.hibernate.type.BasicTypeRegistry     : Adding type registration uuid-binary -> org.hibernate.type.UUIDBinaryType@5fc4c0fe
2022-03-26 00:41:38.199 DEBUG 32612 --- [         task-1] org.hibernate.type.BasicTypeRegistry     : Adding type registration java.util.UUID -> org.hibernate.type.UUIDBinaryType@5fc4c0fe
2022-03-26 00:41:38.199 DEBUG 32612 --- [         task-1] org.hibernate.type.BasicTypeRegistry     : Adding type registration uuid-char -> org.hibernate.type.UUIDCharType@4056ebd5
2022-03-26 00:41:38.200 DEBUG 32612 --- [         task-1] org.hibernate.type.BasicTypeRegistry     : Adding type registration binary -> org.hibernate.type.BinaryType@7515dfdd
2022-03-26 00:41:38.200 DEBUG 32612 --- [         task-1] org.hibernate.type.BasicTypeRegistry     : Adding type registration byte[] -> org.hibernate.type.BinaryType@7515dfdd
2022-03-26 00:41:38.200 DEBUG 32612 --- [         task-1] org.hibernate.type.BasicTypeRegistry     : Adding type registration [B -> org.hibernate.type.BinaryType@7515dfdd
2022-03-26 00:41:38.201 DEBUG 32612 --- [         task-1] org.hibernate.type.BasicTypeRegistry     : Adding type registration wrapper-binary -> org.hibernate.type.WrapperBinaryType@76b62a03
2022-03-26 00:41:38.201 DEBUG 32612 --- [         task-1] org.hibernate.type.BasicTypeRegistry     : Adding type registration Byte[] -> org.hibernate.type.WrapperBinaryType@76b62a03
2022-03-26 00:41:38.201 DEBUG 32612 --- [         task-1] org.hibernate.type.BasicTypeRegistry     : Adding type registration [Ljava.lang.Byte; -> org.hibernate.type.WrapperBinaryType@76b62a03
2022-03-26 00:41:38.202 DEBUG 32612 --- [         task-1] org.hibernate.type.BasicTypeRegistry     : Adding type registration row_version -> org.hibernate.type.RowVersionType@1546960f
2022-03-26 00:41:38.202 DEBUG 32612 --- [         task-1] org.hibernate.type.BasicTypeRegistry     : Adding type registration image -> org.hibernate.type.ImageType@539643ca
2022-03-26 00:41:38.203 DEBUG 32612 --- [         task-1] org.hibernate.type.BasicTypeRegistry     : Adding type registration characters -> org.hibernate.type.CharArrayType@35f5e451
2022-03-26 00:41:38.204 DEBUG 32612 --- [         task-1] org.hibernate.type.BasicTypeRegistry     : Adding type registration char[] -> org.hibernate.type.CharArrayType@35f5e451
2022-03-26 00:41:38.204 DEBUG 32612 --- [         task-1] org.hibernate.type.BasicTypeRegistry     : Adding type registration [C -> org.hibernate.type.CharArrayType@35f5e451
2022-03-26 00:41:38.205 DEBUG 32612 --- [         task-1] org.hibernate.type.BasicTypeRegistry     : Adding type registration wrapper-characters -> org.hibernate.type.CharacterArrayType@6825689f
2022-03-26 00:41:38.205 DEBUG 32612 --- [         task-1] org.hibernate.type.BasicTypeRegistry     : Adding type registration [Ljava.lang.Character; -> org.hibernate.type.CharacterArrayType@6825689f
2022-03-26 00:41:38.205 DEBUG 32612 --- [         task-1] org.hibernate.type.BasicTypeRegistry     : Adding type registration Character[] -> org.hibernate.type.CharacterArrayType@6825689f
2022-03-26 00:41:38.206 DEBUG 32612 --- [         task-1] org.hibernate.type.BasicTypeRegistry     : Adding type registration text -> org.hibernate.type.TextType@603bf0e1
2022-03-26 00:41:38.206 DEBUG 32612 --- [         task-1] org.hibernate.type.BasicTypeRegistry     : Adding type registration ntext -> org.hibernate.type.NTextType@38ca9302
2022-03-26 00:41:38.207 DEBUG 32612 --- [         task-1] org.hibernate.type.BasicTypeRegistry     : Adding type registration blob -> org.hibernate.type.BlobType@60db893f
2022-03-26 00:41:38.208 DEBUG 32612 --- [         task-1] org.hibernate.type.BasicTypeRegistry     : Adding type registration java.sql.Blob -> org.hibernate.type.BlobType@60db893f
2022-03-26 00:41:38.208 DEBUG 32612 --- [         task-1] org.hibernate.type.BasicTypeRegistry     : Adding type registration materialized_blob -> org.hibernate.type.MaterializedBlobType@e7b6ac6
2022-03-26 00:41:38.209 DEBUG 32612 --- [         task-1] org.hibernate.type.BasicTypeRegistry     : Adding type registration clob -> org.hibernate.type.ClobType@1d373bd2
2022-03-26 00:41:38.209 DEBUG 32612 --- [         task-1] org.hibernate.type.BasicTypeRegistry     : Adding type registration java.sql.Clob -> org.hibernate.type.ClobType@1d373bd2
2022-03-26 00:41:38.210 DEBUG 32612 --- [         task-1] org.hibernate.type.BasicTypeRegistry     : Adding type registration nclob -> org.hibernate.type.NClobType@6281e1e1
2022-03-26 00:41:38.211 DEBUG 32612 --- [         task-1] org.hibernate.type.BasicTypeRegistry     : Adding type registration java.sql.NClob -> org.hibernate.type.NClobType@6281e1e1
2022-03-26 00:41:38.211 DEBUG 32612 --- [         task-1] org.hibernate.type.BasicTypeRegistry     : Adding type registration materialized_clob -> org.hibernate.type.MaterializedClobType@36ae2c2d
2022-03-26 00:41:38.211 DEBUG 32612 --- [         task-1] org.hibernate.type.BasicTypeRegistry     : Adding type registration materialized_nclob -> org.hibernate.type.MaterializedNClobType@24a87bf2
2022-03-26 00:41:38.212 DEBUG 32612 --- [         task-1] org.hibernate.type.BasicTypeRegistry     : Adding type registration serializable -> org.hibernate.type.SerializableType@2f10ac62
2022-03-26 00:41:38.214 DEBUG 32612 --- [         task-1] org.hibernate.type.BasicTypeRegistry     : Adding type registration object -> org.hibernate.type.ObjectType@2b71016f
2022-03-26 00:41:38.214 DEBUG 32612 --- [         task-1] org.hibernate.type.BasicTypeRegistry     : Adding type registration java.lang.Object -> org.hibernate.type.ObjectType@2b71016f
2022-03-26 00:41:38.215 DEBUG 32612 --- [         task-1] org.hibernate.type.BasicTypeRegistry     : Adding type registration imm_date -> org.hibernate.type.AdaptedImmutableType@41e3ad4d
2022-03-26 00:41:38.215 DEBUG 32612 --- [         task-1] org.hibernate.type.BasicTypeRegistry     : Adding type registration imm_time -> org.hibernate.type.AdaptedImmutableType@355e981
2022-03-26 00:41:38.215 DEBUG 32612 --- [         task-1] org.hibernate.type.BasicTypeRegistry     : Adding type registration imm_timestamp -> org.hibernate.type.AdaptedImmutableType@44248b3
2022-03-26 00:41:38.215 DEBUG 32612 --- [         task-1] org.hibernate.type.BasicTypeRegistry     : Adding type registration imm_dbtimestamp -> org.hibernate.type.AdaptedImmutableType@33df3065
2022-03-26 00:41:38.216 DEBUG 32612 --- [         task-1] org.hibernate.type.BasicTypeRegistry     : Adding type registration imm_calendar -> org.hibernate.type.AdaptedImmutableType@6f8a7a96
2022-03-26 00:41:38.216 DEBUG 32612 --- [         task-1] org.hibernate.type.BasicTypeRegistry     : Adding type registration imm_calendar_date -> org.hibernate.type.AdaptedImmutableType@43bf9f07
2022-03-26 00:41:38.216 DEBUG 32612 --- [         task-1] org.hibernate.type.BasicTypeRegistry     : Adding type registration imm_binary -> org.hibernate.type.AdaptedImmutableType@552e5013
2022-03-26 00:41:38.216 DEBUG 32612 --- [         task-1] org.hibernate.type.BasicTypeRegistry     : Adding type registration imm_serializable -> org.hibernate.type.AdaptedImmutableType@1fb81ecb
2022-03-26 00:41:38.246  INFO 32612 --- [         task-1] com.zaxxer.hikari.HikariDataSource       : HikariPool-1 - Starting...
2022-03-26 00:41:38.249  WARN 32612 --- [         task-1] com.zaxxer.hikari.util.DriverDataSource  : Registered driver with driverClassName=com.mysql.jdbc.Driver was not found, trying direct instantiation.
2022-03-26 00:41:38.580  INFO 32612 --- [         task-1] com.zaxxer.hikari.HikariDataSource       : HikariPool-1 - Start completed.
2022-03-26 00:41:38.590  INFO 32612 --- [         task-1] org.hibernate.dialect.Dialect            : HHH000400: Using dialect: org.hibernate.dialect.MySQL5InnoDBDialect
2022-03-26 00:41:38.630 DEBUG 32612 --- [         task-1] o.h.type.spi.TypeConfiguration$Scope     : Scoping TypeConfiguration [org.hibernate.type.spi.TypeConfiguration@3d149565] to MetadataBuildingContext [org.hibernate.boot.internal.MetadataBuildingContextRootImpl@55390c6f]
2022-03-26 00:41:38.716 DEBUG 32612 --- [         task-1] org.hibernate.type.EnumType              : Using ORDINAL-based conversion for Enum com.kmacedo.car.domain.TravelRequestStatus
2022-03-26 00:41:38.753 DEBUG 32612 --- [         task-1] org.hibernate.type.EnumType              : Using ORDINAL-based conversion for Enum com.kmacedo.car.domain.TravelRequestStatus
2022-03-26 00:41:38.803 DEBUG 32612 --- [         task-1] o.h.type.spi.TypeConfiguration$Scope     : Scoping TypeConfiguration [org.hibernate.type.spi.TypeConfiguration@3d149565] to SessionFactoryImpl [org.hibernate.internal.SessionFactoryImpl@3d8697ba]
2022-03-26 00:41:38.836 DEBUG 32612 --- [         task-1] org.hibernate.type.EnumType              : Using ORDINAL-based conversion for Enum com.kmacedo.car.domain.TravelRequestStatus
2022-03-26 00:41:38.836 DEBUG 32612 --- [         task-1] org.hibernate.type.EnumType              : Using ORDINAL-based conversion for Enum com.kmacedo.car.domain.TravelRequestStatus
2022-03-26 00:41:38.840 DEBUG 32612 --- [         task-1] org.hibernate.type.EnumType              : Using ORDINAL-based conversion for Enum com.kmacedo.car.domain.TravelRequestStatus
2022-03-26 00:41:38.841 DEBUG 32612 --- [         task-1] org.hibernate.type.EnumType              : Using ORDINAL-based conversion for Enum com.kmacedo.car.domain.TravelRequestStatus
2022-03-26 00:41:38.913 DEBUG 32612 --- [         task-1] org.hibernate.type.EnumType              : Using ORDINAL-based conversion for Enum com.kmacedo.car.domain.TravelRequestStatus
2022-03-26 00:41:38.913 DEBUG 32612 --- [         task-1] org.hibernate.type.EnumType              : Using ORDINAL-based conversion for Enum com.kmacedo.car.domain.TravelRequestStatus
2022-03-26 00:41:38.913 DEBUG 32612 --- [         task-1] org.hibernate.type.EnumType              : Using ORDINAL-based conversion for Enum com.kmacedo.car.domain.TravelRequestStatus
2022-03-26 00:41:38.981  INFO 32612 --- [         task-1] o.h.e.t.j.p.i.JtaPlatformInitiator       : HHH000490: Using JtaPlatform implementation: [org.hibernate.engine.transaction.jta.platform.internal.NoJtaPlatform]
2022-03-26 00:41:38.986 TRACE 32612 --- [         task-1] o.h.type.spi.TypeConfiguration$Scope     : Handling #sessionFactoryCreated from [org.hibernate.internal.SessionFactoryImpl@3d8697ba] for TypeConfiguration
2022-03-26 00:41:38.987  INFO 32612 --- [         task-1] j.LocalContainerEntityManagerFactoryBean : Initialized JPA EntityManagerFactory for persistence unit 'default'
2022-03-26 00:41:39.252 DEBUG 32612 --- [    Test worker] org.hibernate.SQL                        : select user0_.id as id1_3_, user0_.enabled as enabled2_3_, user0_.password as password3_3_, user0_.username as username4_3_ from user user0_
2022-03-26 00:41:39.258 TRACE 32612 --- [    Test worker] o.h.type.descriptor.sql.BasicExtractor   : extracted value ([id1_3_] : [BIGINT]) - [1]
2022-03-26 00:41:39.262 TRACE 32612 --- [    Test worker] o.h.type.descriptor.sql.BasicExtractor   : extracted value ([enabled2_3_] : [BOOLEAN]) - [true]
2022-03-26 00:41:39.263 TRACE 32612 --- [    Test worker] o.h.type.descriptor.sql.BasicExtractor   : extracted value ([password3_3_] : [VARCHAR]) - [$2a$10$Pnk15AbKuAgyLK/Yw.AIWOgRpJJYTJhxZalAxCqJSZDe/Fte2SruS]
2022-03-26 00:41:39.263 TRACE 32612 --- [    Test worker] o.h.type.descriptor.sql.BasicExtractor   : extracted value ([username4_3_] : [VARCHAR]) - [admin]
2022-03-26 00:41:39.270 TRACE 32612 --- [    Test worker] org.hibernate.type.CollectionType        : Created collection wrapper: [com.kmacedo.car.domain.User.roles#1]
2022-03-26 00:41:39.561  INFO 32612 --- [    Test worker] wiremock.org.eclipse.jetty.util.log      : Logging initialized @4189ms to wiremock.org.eclipse.jetty.util.log.Slf4jLog
2022-03-26 00:41:39.644  INFO 32612 --- [    Test worker] w.org.eclipse.jetty.server.Server        : jetty-9.4.20.v20190813; built: 2019-08-13T21:28:18.144Z; git: 84700530e645e812b336747464d6fbbf370c9a20; jvm 15.0.2+7-27
2022-03-26 00:41:39.655  INFO 32612 --- [    Test worker] w.o.e.j.server.handler.ContextHandler    : Started w.o.e.j.s.ServletContextHandler@535239b2{/__admin,null,AVAILABLE}
2022-03-26 00:41:39.656  INFO 32612 --- [    Test worker] w.o.e.j.server.handler.ContextHandler    : Started w.o.e.j.s.ServletContextHandler@2fa72232{/,null,AVAILABLE}
2022-03-26 00:41:39.662  INFO 32612 --- [    Test worker] w.o.e.jetty.server.AbstractConnector     : Started NetworkTrafficServerConnector@34c4a4a0{HTTP/1.1,[http/1.1]}{0.0.0.0:11518}
2022-03-26 00:41:39.662  INFO 32612 --- [    Test worker] w.org.eclipse.jetty.server.Server        : Started @4290ms
2022-03-26 00:41:39.802  INFO 32612 --- [    Test worker] o.s.s.web.DefaultSecurityFilterChain     : Will secure any request with [org.springframework.security.web.context.request.async.WebAsyncManagerIntegrationFilter@18d742fa, org.springframework.security.web.context.SecurityContextPersistenceFilter@511d2f94, org.springframework.security.web.header.HeaderWriterFilter@5c77c9e5, org.springframework.security.web.authentication.logout.LogoutFilter@41dd56ae, org.springframework.security.web.authentication.www.BasicAuthenticationFilter@1fe9db92, org.springframework.security.web.savedrequest.RequestCacheAwareFilter@6314a924, org.springframework.security.web.servletapi.SecurityContextHolderAwareRequestFilter@5fdfc237, org.springframework.security.web.authentication.AnonymousAuthenticationFilter@714f3445, org.springframework.security.web.session.SessionManagementFilter@1fe834c5, org.springframework.security.web.access.ExceptionTranslationFilter@6d29eb6c, org.springframework.security.web.access.intercept.FilterSecurityInterceptor@68521247]
2022-03-26 00:41:40.262  INFO 32612 --- [    Test worker] .s.s.UserDetailsServiceAutoConfiguration : 

Using generated security password: 7ddae153-92ee-402a-81bf-fbfc67b50270

2022-03-26 00:41:40.598  INFO 32612 --- [    Test worker] o.s.b.w.embedded.tomcat.TomcatWebServer  : Tomcat started on port(s): 51802 (https) with context path ''
2022-03-26 00:41:40.599  INFO 32612 --- [    Test worker] DeferredRepositoryInitializationListener : Triggering deferred initialization of Spring Data repositories
2022-03-26 00:41:40.742  INFO 32612 --- [    Test worker] DeferredRepositoryInitializationListener : Spring Data repositories initialized!
2022-03-26 00:41:40.750  INFO 32612 --- [    Test worker] c.k.c.i.incoming.TravelRequestAPITestIT  : Started TravelRequestAPITestIT in 4.608 seconds (JVM running for 5.378)
2022-03-26 00:41:41.554  INFO 32612 --- [o-auto-1-exec-6] o.a.c.c.C.[Tomcat].[localhost].[/]       : Initializing Spring DispatcherServlet 'dispatcherServlet'
2022-03-26 00:41:41.555  INFO 32612 --- [o-auto-1-exec-6] o.s.web.servlet.DispatcherServlet        : Initializing Servlet 'dispatcherServlet'
2022-03-26 00:41:41.556  INFO 32612 --- [o-auto-1-exec-6] o.s.web.servlet.DispatcherServlet        : Completed initialization in 1 ms
2022-03-26 00:41:41.831 DEBUG 32612 --- [o-auto-1-exec-7] org.hibernate.SQL                        : insert into passenger (name) values (?)
2022-03-26 00:41:41.832 TRACE 32612 --- [o-auto-1-exec-7] o.h.type.descriptor.sql.BasicBinder      : binding parameter [1] as [VARCHAR] - [Kleber Barreto]
2022-03-26 00:41:42.293 DEBUG 32612 --- [o-auto-1-exec-2] org.hibernate.SQL                        : select passenger0_.id as id1_1_0_, passenger0_.name as name2_1_0_ from passenger passenger0_ where passenger0_.id=?
2022-03-26 00:41:42.293 TRACE 32612 --- [o-auto-1-exec-2] o.h.type.descriptor.sql.BasicBinder      : binding parameter [1] as [BIGINT] - [4]
2022-03-26 00:41:42.296 TRACE 32612 --- [o-auto-1-exec-2] o.h.type.descriptor.sql.BasicExtractor   : extracted value ([name2_1_0_] : [VARCHAR]) - [Kleber Barreto]
2022-03-26 00:41:42.309 DEBUG 32612 --- [o-auto-1-exec-2] org.hibernate.SQL                        : insert into travel_request (creation_date, destination, origin, passenger_id, status) values (?, ?, ?, ?, ?)
2022-03-26 00:41:42.310 TRACE 32612 --- [o-auto-1-exec-2] o.h.type.descriptor.sql.BasicBinder      : binding parameter [1] as [TIMESTAMP] - [2022-03-26T00:41:42.302741]
2022-03-26 00:41:42.311 TRACE 32612 --- [o-auto-1-exec-2] o.h.type.descriptor.sql.BasicBinder      : binding parameter [2] as [VARCHAR] - [Avenida Ipiranga, 100]
2022-03-26 00:41:42.311 TRACE 32612 --- [o-auto-1-exec-2] o.h.type.descriptor.sql.BasicBinder      : binding parameter [3] as [VARCHAR] - [Avenida Paulista, 1000]
2022-03-26 00:41:42.311 TRACE 32612 --- [o-auto-1-exec-2] o.h.type.descriptor.sql.BasicBinder      : binding parameter [4] as [BIGINT] - [4]
2022-03-26 00:41:42.311 TRACE 32612 --- [o-auto-1-exec-2] o.h.type.descriptor.sql.BasicBinder      : binding parameter [5] as [INTEGER] - [0]
2022-03-26 00:41:42.533  INFO 32612 --- [    Test worker] w.o.e.jetty.server.AbstractConnector     : Stopped NetworkTrafficServerConnector@34c4a4a0{HTTP/1.1,[http/1.1]}{0.0.0.0:11518}
2022-03-26 00:41:42.534  INFO 32612 --- [    Test worker] w.o.e.j.server.handler.ContextHandler    : Stopped w.o.e.j.s.ServletContextHandler@2fa72232{/,null,UNAVAILABLE}
2022-03-26 00:41:42.534  INFO 32612 --- [    Test worker] w.o.e.j.server.handler.ContextHandler    : Stopped w.o.e.j.s.ServletContextHandler@535239b2{/__admin,null,UNAVAILABLE}
2022-03-26 00:41:42.534  INFO 32612 --- [    Test worker] w.org.eclipse.jetty.server.Server        : jetty-9.4.20.v20190813; built: 2019-08-13T21:28:18.144Z; git: 84700530e645e812b336747464d6fbbf370c9a20; jvm 15.0.2+7-27
2022-03-26 00:41:42.535  INFO 32612 --- [    Test worker] w.o.e.j.server.handler.ContextHandler    : Started w.o.e.j.s.ServletContextHandler@535239b2{/__admin,null,AVAILABLE}
2022-03-26 00:41:42.536  INFO 32612 --- [    Test worker] w.o.e.j.server.handler.ContextHandler    : Started w.o.e.j.s.ServletContextHandler@2fa72232{/,null,AVAILABLE}
2022-03-26 00:41:42.536  INFO 32612 --- [    Test worker] w.o.e.jetty.server.AbstractConnector     : Started NetworkTrafficServerConnector@34c4a4a0{HTTP/1.1,[http/1.1]}{0.0.0.0:11518}
2022-03-26 00:41:42.537  INFO 32612 --- [    Test worker] w.org.eclipse.jetty.server.Server        : Started @7165ms
]]></system-out>
  <system-err><![CDATA[Loading class `com.mysql.jdbc.Driver'. This is deprecated. The new driver class is `com.mysql.cj.jdbc.Driver'. The driver is automatically registered via the SPI and manual loading of the driver class is generally unnecessary.
]]></system-err>
</testsuite>
